c:\users\frede\source\repos\vba8\wp8vbam\wp8vbamcomponent\arm\debug\wp8vbamcomponent.pch
c:\users\frede\source\repos\vba8\wp8vbam\wp8vbamcomponent\arm\debug\vc120.pdb
c:\users\frede\source\repos\vba8\wp8vbam\wp8vbamcomponent\arm\debug\pch.obj
c:\users\frede\source\repos\vba8\wp8vbam\wp8vbamcomponent\arm\debug\effects_buffer.obj
c:\users\frede\source\repos\vba8\wp8vbam\wp8vbamcomponent\arm\debug\gb_oscs.obj
c:\users\frede\source\repos\vba8\wp8vbam\wp8vbamcomponent\arm\debug\xaudio2.obj
c:\users\frede\source\repos\vba8\wp8vbam\wp8vbamcomponent\arm\debug\eeprom.obj
c:\users\frede\source\repos\vba8\wp8vbam\wp8vbamcomponent\arm\debug\flash.obj
c:\users\frede\source\repos\vba8\wp8vbam\wp8vbamcomponent\arm\debug\gba-thumb.obj
c:\users\frede\source\repos\vba8\wp8vbam\wp8vbamcomponent\arm\debug\gba.obj
c:\users\frede\source\repos\vba8\wp8vbam\wp8vbamcomponent\arm\debug\gbagfx.obj
c:\users\frede\source\repos\vba8\wp8vbam\wp8vbamcomponent\arm\debug\globals.obj
c:\users\frede\source\repos\vba8\wp8vbam\wp8vbamcomponent\arm\debug\mode2.obj
c:\users\frede\source\repos\vba8\wp8vbam\wp8vbamcomponent\arm\debug\mode5.obj
c:\users\frede\source\repos\vba8\wp8vbam\wp8vbamcomponent\arm\debug\sram.obj
c:\users\frede\source\repos\vba8\wp8vbam\wp8vbamcomponent\arm\debug\gbgfx.obj
c:\users\frede\source\repos\vba8\wp8vbam\wp8vbamcomponent\arm\debug\gbsgb.obj
c:\users\frede\source\repos\vba8\wp8vbam\wp8vbamcomponent\arm\debug\vbafunctions.obj
c:\users\frede\source\repos\vba8\wp8vbam\wp8vbamcomponent\arm\debug\gbalink.obj
c:\users\frede\source\repos\vba8\wp8vbam\wp8vbamcomponent\arm\debug\mode1.obj
c:\users\frede\source\repos\vba8\wp8vbam\wp8vbamcomponent\arm\debug\mode4.obj
c:\users\frede\source\repos\vba8\wp8vbam\wp8vbamcomponent\arm\debug\sound.obj
c:\users\frede\source\repos\vba8\wp8vbam\wp8vbamcomponent\arm\debug\gbdis.obj
c:\users\frede\source\repos\vba8\wp8vbam\wp8vbamcomponent\arm\debug\gbprinter.obj
c:\users\frede\source\repos\vba8\wp8vbam\wp8vbamcomponent\arm\debug\blip_buffer.obj
c:\users\frede\source\repos\vba8\wp8vbam\wp8vbamcomponent\arm\debug\gb_apu_state.obj
c:\users\frede\source\repos\vba8\wp8vbam\wp8vbamcomponent\arm\debug\patch.obj
c:\users\frede\source\repos\vba8\wp8vbam\wp8vbamcomponent\arm\debug\armdis.obj
c:\users\frede\source\repos\vba8\wp8vbam\wp8vbamcomponent\arm\debug\cheats.obj
c:\users\frede\source\repos\vba8\wp8vbam\wp8vbamcomponent\arm\debug\gbcheats.obj
c:\users\frede\source\repos\vba8\wp8vbam\wp8vbamcomponent\arm\debug\gbglobals.obj
c:\users\frede\source\repos\vba8\wp8vbam\wp8vbamcomponent\arm\debug\util.obj
c:\users\frede\source\repos\vba8\wp8vbam\wp8vbamcomponent\arm\debug\cheatdata.obj
c:\users\frede\source\repos\vba8\wp8vbam\wp8vbamcomponent\arm\debug\gb_apu.obj
c:\users\frede\source\repos\vba8\wp8vbam\wp8vbamcomponent\arm\debug\multi_buffer.obj
c:\users\frede\source\repos\vba8\wp8vbam\wp8vbamcomponent\arm\debug\agbprint.obj
c:\users\frede\source\repos\vba8\wp8vbam\wp8vbamcomponent\arm\debug\bios.obj
c:\users\frede\source\repos\vba8\wp8vbam\wp8vbamcomponent\arm\debug\cheatsearch.obj
c:\users\frede\source\repos\vba8\wp8vbam\wp8vbamcomponent\arm\debug\elf.obj
c:\users\frede\source\repos\vba8\wp8vbam\wp8vbamcomponent\arm\debug\gba-arm.obj
c:\users\frede\source\repos\vba8\wp8vbam\wp8vbamcomponent\arm\debug\gbafilter.obj
c:\users\frede\source\repos\vba8\wp8vbam\wp8vbamcomponent\arm\debug\gbasockclient.obj
c:\users\frede\source\repos\vba8\wp8vbam\wp8vbamcomponent\arm\debug\mode0.obj
c:\users\frede\source\repos\vba8\wp8vbam\wp8vbamcomponent\arm\debug\mode3.obj
c:\users\frede\source\repos\vba8\wp8vbam\wp8vbamcomponent\arm\debug\rtc.obj
c:\users\frede\source\repos\vba8\wp8vbam\wp8vbamcomponent\arm\debug\gb.obj
c:\users\frede\source\repos\vba8\wp8vbam\wp8vbamcomponent\arm\debug\gbmemory.obj
c:\users\frede\source\repos\vba8\wp8vbam\wp8vbamcomponent\arm\debug\gbsound.obj
c:\users\frede\source\repos\vba8\wp8vbam\wp8vbamcomponent\arm\debug\dxspritebatch.obj
c:\users\frede\source\repos\vba8\wp8vbam\wp8vbamcomponent\arm\debug\emulatorsettings.obj
c:\users\frede\source\repos\vba8\wp8vbam\wp8vbamcomponent\arm\debug\point.obj
c:\users\frede\source\repos\vba8\wp8vbam\wp8vbamcomponent\arm\debug\rectangle.obj
c:\users\frede\source\repos\vba8\wp8vbam\wp8vbamcomponent\arm\debug\renderer.obj
c:\users\frede\source\repos\vba8\wp8vbam\wp8vbamcomponent\arm\debug\cpositionvirtualcontroller.obj
c:\users\frede\source\repos\vba8\wp8vbam\wp8vbamcomponent\arm\debug\ipaddress.obj
c:\users\frede\source\repos\vba8\wp8vbam\wp8vbamcomponent\arm\debug\sockettcp.obj
c:\users\frede\source\repos\vba8\wp8vbam\wp8vbamcomponent\arm\debug\vector2.obj
c:\users\frede\source\repos\vba8\wp8vbam\wp8vbamcomponent\arm\debug\wp8vbamcomponent.obj
c:\users\frede\source\repos\vba8\wp8vbam\wp8vbamcomponent\arm\debug\emulator.obj
c:\users\frede\source\repos\vba8\wp8vbam\wp8vbamcomponent\arm\debug\romconfig.obj
c:\users\frede\source\repos\vba8\wp8vbam\wp8vbamcomponent\arm\debug\cpositioncomponent.obj
c:\users\frede\source\repos\vba8\wp8vbam\wp8vbamcomponent\arm\debug\ftp.obj
c:\users\frede\source\repos\vba8\wp8vbam\wp8vbamcomponent\arm\debug\packet.obj
c:\users\frede\source\repos\vba8\wp8vbam\wp8vbamcomponent\arm\debug\sockethelper.obj
c:\users\frede\source\repos\vba8\wp8vbam\wp8vbamcomponent\arm\debug\vector3.obj
c:\users\frede\source\repos\vba8\wp8vbam\wp8vbamcomponent\arm\debug\virtualcontroller.obj
c:\users\frede\source\repos\vba8\wp8vbam\wp8vbamcomponent\arm\debug\direct3dcontentprovider.obj
c:\users\frede\source\repos\vba8\wp8vbam\wp8vbamcomponent\arm\debug\emulatorfilehandler.obj
c:\users\frede\source\repos\vba8\wp8vbam\wp8vbamcomponent\arm\debug\direct3dbase.obj
c:\users\frede\source\repos\vba8\wp8vbam\wp8vbamcomponent\arm\debug\cpositionrenderer.obj
c:\users\frede\source\repos\vba8\wp8vbam\wp8vbamcomponent\arm\debug\cpositioncontentprovider.obj
c:\users\frede\source\repos\vba8\wp8vbam\wp8vbamcomponent\arm\debug\textureloader.obj
c:\users\frede\source\repos\vba8\wp8vbam\wp8vbamcomponent\arm\debug\http.obj
c:\users\frede\source\repos\vba8\wp8vbam\wp8vbamcomponent\arm\debug\selectorbase.obj
c:\users\frede\source\repos\vba8\wp8vbam\wp8vbamcomponent\arm\debug\socketudp.obj
c:\users\frede\source\repos\vba8\wp8vbam\wp8vbamcomponent\arm\debug\vector4.obj
c:\users\frede\source\repos\vba8\wp8vbam\wp8vbamcomponent\arm\debug\emulatorrenderer.obj
c:\users\frede\source\repos\vba8\wp8vbam\wp8vbamcomponent\arm\debug\memgzio.obj
c:\users\frede\source\repos\vba8\arm\debug\wp8vbamcomponent\simplepixelshader.cso
c:\users\frede\source\repos\vba8\arm\debug\wp8vbamcomponent\simplevertexshader.cso
c:\users\frede\source\repos\vba8\wp8vbam\wp8vbamcomponent\spritebatch_ps.h
c:\users\frede\source\repos\vba8\wp8vbam\wp8vbamcomponent\spritebatch_vs.h
c:\users\frede\source\repos\vba8\arm\debug\wp8vbamcomponent\spritebatch_vs.cso
c:\users\frede\source\repos\vba8\arm\debug\wp8vbamcomponent\wp8vbamcomponent.ilk
c:\users\frede\source\repos\vba8\arm\debug\wp8vbamcomponent\wp8vbamcomponent.dll
c:\users\frede\source\repos\vba8\arm\debug\wp8vbamcomponent\wp8vbamcomponent.pdb
c:\users\frede\source\repos\vba8\arm\debug\wp8vbamcomponent\phonedirect3dxamlappcomponent.winmd
c:\users\frede\source\repos\vba8\arm\debug\wp8vbamcomponent\wp8vbamcomponent.lib
c:\users\frede\source\repos\vba8\arm\debug\wp8vbamcomponent\wp8vbamcomponent.exp
c:\users\frede\source\repos\vba8\wp8vbam\wp8vbamcomponent\arm\debug\priconfig.xml
c:\users\frede\source\repos\vba8\wp8vbam\wp8vbamcomponent\arm\debug\priconfig.xml.intermediate
c:\users\frede\source\repos\vba8\wp8vbam\wp8vbamcomponent\arm\debug\layout.resfiles
c:\users\frede\source\repos\vba8\wp8vbam\wp8vbamcomponent\arm\debug\layout.resfiles.intermediate
c:\users\frede\source\repos\vba8\wp8vbam\wp8vbamcomponent\arm\debug\resources.resfiles
c:\users\frede\source\repos\vba8\wp8vbam\wp8vbamcomponent\arm\debug\resources.resfiles.intermediate
c:\users\frede\source\repos\vba8\wp8vbam\wp8vbamcomponent\arm\debug\pri.resfiles
c:\users\frede\source\repos\vba8\wp8vbam\wp8vbamcomponent\arm\debug\pri.resfiles.intermediate
c:\users\frede\source\repos\vba8\arm\debug\wp8vbamcomponent\phonedirect3dxamlappcomponent.pri
c:\users\frede\source\repos\vba8\wp8vbam\wp8vbamcomponent\arm\debug\qualifiers.txt
c:\users\frede\source\repos\vba8\wp8vbam\wp8vbamcomponent\arm\debug\qualifiers.txt.intermediate
c:\users\frede\source\repos\vba8\wp8vbam\wp8vbamcomponent\arm\debug\multiplequalifiersperdimensionfound.txt
c:\users\frede\source\repos\vba8\wp8vbam\wp8vbamcomponent\arm\debug\wp8vbamcomponent.vcxprojresolveassemblyreference.cache
c:\users\frede\source\repos\vba8\wp8vbam\wp8vbamcomponent\arm\debug\wp8vbamcomponent.tlog\cl.command.1.tlog
c:\users\frede\source\repos\vba8\wp8vbam\wp8vbamcomponent\arm\debug\wp8vbamcomponent.tlog\cl.read.1.tlog
c:\users\frede\source\repos\vba8\wp8vbam\wp8vbamcomponent\arm\debug\wp8vbamcomponent.tlog\cl.write.1.tlog
c:\users\frede\source\repos\vba8\wp8vbam\wp8vbamcomponent\arm\debug\wp8vbamcomponent.tlog\fxc.command.1.tlog
c:\users\frede\source\repos\vba8\wp8vbam\wp8vbamcomponent\arm\debug\wp8vbamcomponent.tlog\fxc.read.1.tlog
c:\users\frede\source\repos\vba8\wp8vbam\wp8vbamcomponent\arm\debug\wp8vbamcomponent.tlog\fxc.write.1.tlog
c:\users\frede\source\repos\vba8\wp8vbam\wp8vbamcomponent\arm\debug\wp8vbamcomponent.tlog\link.command.1.tlog
c:\users\frede\source\repos\vba8\wp8vbam\wp8vbamcomponent\arm\debug\wp8vbamcomponent.tlog\link.read.1.tlog
c:\users\frede\source\repos\vba8\wp8vbam\wp8vbamcomponent\arm\debug\wp8vbamcomponent.tlog\link.write.1.tlog
c:\users\frede\source\repos\vba8\wp8vbam\wp8vbamcomponent\arm\debug\wp8vbamcomponent.tlog\wp8vbamcomponent.read.1u.tlog
c:\users\frede\source\repos\vba8\wp8vbam\wp8vbamcomponent\arm\debug\wp8vbamcomponent.tlog\wp8vbamcomponent.write.1u.tlog
