  compilation object save succeeded; see C:\Users\frede\Source\Repos\vba8\Debug\WP8VBAMComponent\SimplePixelShader.cso
  compilation object save succeeded; see C:\Users\frede\Source\Repos\vba8\Debug\WP8VBAMComponent\SimpleVertexShader.cso
  compilation header save succeeded; see C:\Users\frede\Source\Repos\vba8\WP8VBAM\WP8VBAMComponent\SpriteBatch_PS.h
  compilation header save succeeded; see C:\Users\frede\Source\Repos\vba8\WP8VBAM\WP8VBAMComponent\SpriteBatch_VS.h
  compilation object save succeeded; see C:\Users\frede\Source\Repos\vba8\Debug\WP8VBAMComponent\SpriteBatch_VS.cso
  pch.cpp
  CheatData.cpp
  vbaFunctions.cpp
  Blip_Buffer.cpp
  Effects_Buffer.cpp
c:\users\frede\source\repos\vba8\wp8vbam\wp8vbamcomponent\vbam\apu\effects_buffer.cpp(65): warning C4291: 'void *Effects_Buffer::buf_t::operator new(size_t,void *)' : no matching operator delete found; memory will not be freed if initialization throws an exception
          c:\users\frede\source\repos\vba8\wp8vbam\wp8vbamcomponent\vbam\apu\effects_buffer.h(91) : see declaration of 'Effects_Buffer::buf_t::operator new'
  Gb_Apu.cpp
  Gb_Apu_State.cpp
  Gb_Oscs.cpp
c:\users\frede\source\repos\vba8\wp8vbam\wp8vbamcomponent\vbam\apu\gb_apu_state.cpp(66): warning C4800: 'gb_apu_state_t::val_t' : forcing value to bool 'true' or 'false' (performance warning)
c:\users\frede\source\repos\vba8\wp8vbam\wp8vbamcomponent\vbam\apu\gb_apu_state.cpp(67): warning C4800: 'gb_apu_state_t::val_t' : forcing value to bool 'true' or 'false' (performance warning)
c:\users\frede\source\repos\vba8\wp8vbam\wp8vbamcomponent\vbam\apu\gb_apu_state.cpp(84): warning C4800: 'gb_apu_state_t::val_t' : forcing value to bool 'true' or 'false' (performance warning)
c:\users\frede\source\repos\vba8\wp8vbam\wp8vbamcomponent\vbam\apu\gb_apu_state.cpp(92): warning C4800: 'gb_apu_state_t::val_t' : forcing value to bool 'true' or 'false' (performance warning)
  Multi_Buffer.cpp
  Patch.cpp
  XAudio2.cpp
c:\users\frede\source\repos\vba8\wp8vbam\wp8vbamcomponent\vbam\common\patch.cpp(303): warning C4244: 'return' : conversion from 's64' to 'int', possible loss of data
c:\users\frede\source\repos\vba8\wp8vbam\wp8vbamcomponent\vbam\common\patch.cpp(319): warning C4244: 'initializing' : conversion from 's64' to 'int', possible loss of data
c:\users\frede\source\repos\vba8\wp8vbam\wp8vbamcomponent\vbam\common\patch.cpp(345): warning C4244: 'initializing' : conversion from 's64' to 'int', possible loss of data
c:\users\frede\source\repos\vba8\wp8vbam\wp8vbamcomponent\vbam\common\patch.cpp(363): warning C4244: 'initializing' : conversion from 's64' to 'int', possible loss of data
  agbprint.cpp
  armdis.cpp
  bios.cpp
  Cheats.cpp
  CheatSearch.cpp
  EEprom.cpp
  elf.cpp
  Flash.cpp
  GBA-arm.cpp
  GBA-thumb.cpp
  GBA.cpp
  gbafilter.cpp
  GBAGfx.cpp
  GBALink.cpp
  GBASockClient.cpp
  Globals.cpp
  Mode0.cpp
c:\users\frede\source\repos\vba8\wp8vbam\wp8vbamcomponent\vbam\gba\gbalink.cpp(1384): warning C4305: 'argument' : truncation from 'double' to 'float'
c:\users\frede\source\repos\vba8\wp8vbam\wp8vbamcomponent\vbam\gba\gbalink.cpp(1471): warning C4305: 'argument' : truncation from 'double' to 'float'
  Mode1.cpp
  Mode2.cpp
  Mode3.cpp
  Mode4.cpp
  Mode5.cpp
  RTC.cpp
  Sound.cpp
  Sram.cpp
  GB.cpp
  gbCheats.cpp
  gbDis.cpp
  gbGfx.cpp
  gbGlobals.cpp
  gbMemory.cpp
  gbPrinter.cpp
  gbSGB.cpp
  gbSound.cpp
  Util.cpp
  CPositionRenderer.cpp
  DXSpriteBatch.cpp
  Emulator.cpp
  EmulatorFileHandler.cpp
c:\users\frede\source\repos\vba8\wp8vbam\wp8vbamcomponent\dxspritebatch.cpp(319): warning C4244: 'argument' : conversion from 'UINT' to 'float', possible loss of data
c:\users\frede\source\repos\vba8\wp8vbam\wp8vbamcomponent\dxspritebatch.cpp(437): warning C4244: '=' : conversion from 'UINT' to 'float', possible loss of data
c:\users\frede\source\repos\vba8\wp8vbam\wp8vbamcomponent\dxspritebatch.cpp(438): warning C4244: '=' : conversion from 'UINT' to 'float', possible loss of data
  EmulatorSettings.cpp
  Point.cpp
c:\users\frede\source\repos\vba8\wp8vbam\wp8vbamcomponent\cpositionrenderer.cpp(53): warning C4973: 'Windows::Graphics::Display::DisplayPropertiesEventHandler' : marked as deprecated
          Message: 'DisplayProperties may be altered or unavailable for releases after Windows Phone 8.1. Instead, use DisplayInformation.'
          This diagnostic occurred while importing type 'Windows::Graphics::Display::DisplayPropertiesEventHandler ' from assembly 'Windows, Version=255.255.255.255, Culture=neutral, PublicKeyToken=null'.
          This diagnostic occurred while importing type 'Windows::Graphics::Display::DisplayProperties ' from assembly 'Windows, Version=255.255.255.255, Culture=neutral, PublicKeyToken=null'.
c:\users\frede\source\repos\vba8\wp8vbam\wp8vbamcomponent\cpositionrenderer.cpp(53): warning C4973: 'Windows::Graphics::Display::DisplayProperties::ResolutionScale::get' : marked as deprecated
          Message: 'ResolutionScale is not supported on Windows Phone, and can return incorrect results. Instead, use RawPixelsPerViewPixel'
c:\users\frede\source\repos\vba8\wp8vbam\wp8vbamcomponent\cpositionrenderer.cpp(54): warning C4244: '=' : conversion from 'float' to 'int', possible loss of data
c:\users\frede\source\repos\vba8\wp8vbam\wp8vbamcomponent\cpositionrenderer.cpp(55): warning C4244: '=' : conversion from 'float' to 'int', possible loss of data
c:\users\frede\source\repos\vba8\wp8vbam\wp8vbamcomponent\cpositionrenderer.cpp(59): warning C4244: 'argument' : conversion from 'int' to 'float', possible loss of data
c:\users\frede\source\repos\vba8\wp8vbam\wp8vbamcomponent\cpositionrenderer.cpp(62): warning C4244: 'argument' : conversion from 'int' to 'float', possible loss of data
c:\users\frede\source\repos\vba8\wp8vbam\wp8vbamcomponent\emulatorfilehandler.cpp(899): warning C4800: 'int' : forcing value to bool 'true' or 'false' (performance warning)
  Rectangle.cpp
c:\users\frede\source\repos\vba8\wp8vbam\wp8vbamcomponent\emulatorfilehandler.cpp(1522): warning C4286: 'Platform::AccessDeniedException ^' : is caught by base class ('Platform::COMException ^') on line 1514
c:\users\frede\source\repos\vba8\wp8vbam\wp8vbamcomponent\emulatorfilehandler.cpp(1602): warning C4286: 'Platform::AccessDeniedException ^' : is caught by base class ('Platform::COMException ^') on line 1594
c:\users\frede\source\repos\vba8\wp8vbam\wp8vbamcomponent\emulatorfilehandler.cpp(1675): warning C4244: 'argument' : conversion from 'unsigned __int64' to 'unsigned int', possible loss of data
c:\users\frede\source\repos\vba8\wp8vbam\wp8vbamcomponent\emulatorfilehandler.cpp(1676): warning C4244: 'argument' : conversion from 'unsigned __int64' to 'unsigned int', possible loss of data
c:\users\frede\source\repos\vba8\wp8vbam\wp8vbamcomponent\emulatorfilehandler.cpp(1684): warning C4018: '<' : signed/unsigned mismatch
  Renderer.cpp
c:\users\frede\source\repos\vba8\wp8vbam\wp8vbamcomponent\emulatorfilehandler.cpp(1900): warning C4018: '<' : signed/unsigned mismatch
c:\users\frede\source\repos\vba8\wp8vbam\wp8vbamcomponent\emulatorfilehandler.cpp(2078): warning C4018: '<' : signed/unsigned mismatch
c:\users\frede\source\repos\vba8\wp8vbam\wp8vbamcomponent\emulatorfilehandler.cpp(2118): warning C4018: '<' : signed/unsigned mismatch
c:\users\frede\source\repos\vba8\wp8vbam\wp8vbamcomponent\emulatorfilehandler.cpp(2154): warning C4244: 'argument' : conversion from 'unsigned __int64' to 'unsigned int', possible loss of data
c:\users\frede\source\repos\vba8\wp8vbam\wp8vbamcomponent\emulatorfilehandler.cpp(2155): warning C4244: 'argument' : conversion from 'unsigned __int64' to 'unsigned int', possible loss of data
c:\users\frede\source\repos\vba8\wp8vbam\wp8vbamcomponent\emulatorfilehandler.cpp(2162): warning C4018: '<' : signed/unsigned mismatch
  ROMConfig.cpp
  CPositionComponent.cpp
  CPositionContentProvider.cpp
c:\users\frede\source\repos\vba8\wp8vbam\wp8vbamcomponent\renderer.cpp(360): warning C4973: 'Windows::Graphics::Display::DisplayPropertiesEventHandler' : marked as deprecated
          Message: 'DisplayProperties may be altered or unavailable for releases after Windows Phone 8.1. Instead, use DisplayInformation.'
          This diagnostic occurred while importing type 'Windows::Graphics::Display::DisplayPropertiesEventHandler ' from assembly 'Windows, Version=255.255.255.255, Culture=neutral, PublicKeyToken=null'.
          This diagnostic occurred while importing type 'Windows::Graphics::Display::DisplayProperties ' from assembly 'Windows, Version=255.255.255.255, Culture=neutral, PublicKeyToken=null'.
c:\users\frede\source\repos\vba8\wp8vbam\wp8vbamcomponent\renderer.cpp(360): warning C4973: 'Windows::Graphics::Display::DisplayProperties::ResolutionScale::get' : marked as deprecated
          Message: 'ResolutionScale is not supported on Windows Phone, and can return incorrect results. Instead, use RawPixelsPerViewPixel'
c:\users\frede\source\repos\vba8\wp8vbam\wp8vbamcomponent\renderer.cpp(361): warning C4244: '=' : conversion from 'float' to 'int', possible loss of data
c:\users\frede\source\repos\vba8\wp8vbam\wp8vbamcomponent\renderer.cpp(362): warning C4244: '=' : conversion from 'float' to 'int', possible loss of data
c:\users\frede\source\repos\vba8\wp8vbam\wp8vbamcomponent\renderer.cpp(366): warning C4244: 'argument' : conversion from 'int' to 'float', possible loss of data
c:\users\frede\source\repos\vba8\wp8vbam\wp8vbamcomponent\renderer.cpp(369): warning C4244: 'argument' : conversion from 'int' to 'float', possible loss of data
c:\users\frede\source\repos\vba8\wp8vbam\wp8vbamcomponent\renderer.cpp(398): warning C4244: 'argument' : conversion from 'int' to 'float', possible loss of data
c:\users\frede\source\repos\vba8\wp8vbam\wp8vbamcomponent\renderer.cpp(399): warning C4244: 'argument' : conversion from 'int' to 'float', possible loss of data
c:\users\frede\source\repos\vba8\wp8vbam\wp8vbamcomponent\renderer.cpp(403): warning C4244: 'argument' : conversion from 'int' to 'float', possible loss of data
  CPositionVirtualController.cpp
c:\users\frede\source\repos\vba8\wp8vbam\wp8vbamcomponent\cpositionvirtualcontroller.cpp(119): warning C4973: 'Windows::Graphics::Display::DisplayProperties' : marked as deprecated
          Message: 'DisplayProperties may be altered or unavailable for releases after Windows Phone 8.1. Instead, use DisplayInformation.'
c:\users\frede\source\repos\vba8\wp8vbam\wp8vbamcomponent\cpositionvirtualcontroller.cpp(119): warning C4973: 'Windows::Graphics::Display::DisplayPropertiesEventHandler' : marked as deprecated
          Message: 'DisplayProperties may be altered or unavailable for releases after Windows Phone 8.1. Instead, use DisplayInformation.'
          This diagnostic occurred while importing type 'Windows::Graphics::Display::DisplayPropertiesEventHandler ' from assembly 'Windows, Version=255.255.255.255, Culture=neutral, PublicKeyToken=null'.
          This diagnostic occurred while importing type 'Windows::Graphics::Display::DisplayProperties ' from assembly 'Windows, Version=255.255.255.255, Culture=neutral, PublicKeyToken=null'.
c:\users\frede\source\repos\vba8\wp8vbam\wp8vbamcomponent\cpositionvirtualcontroller.cpp(119): warning C4973: 'Windows::Graphics::Display::DisplayProperties::ResolutionScale::get' : marked as deprecated
          Message: 'ResolutionScale is not supported on Windows Phone, and can return incorrect results. Instead, use RawPixelsPerViewPixel'
c:\users\frede\source\repos\vba8\wp8vbam\wp8vbamcomponent\cpositionvirtualcontroller.cpp(134): warning C4244: '+=' : conversion from 'float' to 'int', possible loss of data
c:\users\frede\source\repos\vba8\wp8vbam\wp8vbamcomponent\cpositionvirtualcontroller.cpp(135): warning C4244: '+=' : conversion from 'float' to 'int', possible loss of data
c:\users\frede\source\repos\vba8\wp8vbam\wp8vbamcomponent\cpositionvirtualcontroller.cpp(139): warning C4244: '+=' : conversion from 'float' to 'int', possible loss of data
c:\users\frede\source\repos\vba8\wp8vbam\wp8vbamcomponent\cpositionvirtualcontroller.cpp(140): warning C4244: '+=' : conversion from 'float' to 'int', possible loss of data
c:\users\frede\source\repos\vba8\wp8vbam\wp8vbamcomponent\cpositionvirtualcontroller.cpp(144): warning C4244: '+=' : conversion from 'float' to 'int', possible loss of data
c:\users\frede\source\repos\vba8\wp8vbam\wp8vbamcomponent\cpositionvirtualcontroller.cpp(145): warning C4244: '+=' : conversion from 'float' to 'int', possible loss of data
c:\users\frede\source\repos\vba8\wp8vbam\wp8vbamcomponent\cpositionvirtualcontroller.cpp(149): warning C4244: '+=' : conversion from 'float' to 'int', possible loss of data
c:\users\frede\source\repos\vba8\wp8vbam\wp8vbamcomponent\cpositionvirtualcontroller.cpp(150): warning C4244: '+=' : conversion from 'float' to 'int', possible loss of data
c:\users\frede\source\repos\vba8\wp8vbam\wp8vbamcomponent\cpositionvirtualcontroller.cpp(154): warning C4244: '+=' : conversion from 'float' to 'int', possible loss of data
c:\users\frede\source\repos\vba8\wp8vbam\wp8vbamcomponent\cpositionvirtualcontroller.cpp(155): warning C4244: '+=' : conversion from 'float' to 'int', possible loss of data
c:\users\frede\source\repos\vba8\wp8vbam\wp8vbamcomponent\cpositionvirtualcontroller.cpp(159): warning C4244: '+=' : conversion from 'float' to 'int', possible loss of data
c:\users\frede\source\repos\vba8\wp8vbam\wp8vbamcomponent\cpositionvirtualcontroller.cpp(160): warning C4244: '+=' : conversion from 'float' to 'int', possible loss of data
c:\users\frede\source\repos\vba8\wp8vbam\wp8vbamcomponent\cpositionvirtualcontroller.cpp(164): warning C4244: '+=' : conversion from 'float' to 'int', possible loss of data
c:\users\frede\source\repos\vba8\wp8vbam\wp8vbamcomponent\cpositionvirtualcontroller.cpp(165): warning C4244: '+=' : conversion from 'float' to 'int', possible loss of data
  TextureLoader.cpp
  Ftp.cpp
  Http.cpp
  IPAddress.cpp
c:\users\frede\source\repos\vba8\wp8vbam\wp8vbamcomponent\vbam\sfml\src\sfml\network\ftp.cpp(404): warning C4244: 'initializing' : conversion from 'std::streamoff' to 'size_t', possible loss of data
  Packet.cpp
  SelectorBase.cpp
  SocketTCP.cpp
  SocketUDP.cpp
  SocketHelper.cpp
  Vector2.cpp
  Vector3.cpp
  Vector4.cpp
  VirtualController.cpp
  WP8VBAMComponent.cpp
  EmulatorRenderer.cpp
  Direct3DBase.cpp
c:\users\frede\source\repos\vba8\wp8vbam\wp8vbamcomponent\virtualcontroller.cpp(136): warning C4244: '=' : conversion from 'float' to 'LONG', possible loss of data
c:\users\frede\source\repos\vba8\wp8vbam\wp8vbamcomponent\virtualcontroller.cpp(137): warning C4244: '=' : conversion from 'float' to 'LONG', possible loss of data
c:\users\frede\source\repos\vba8\wp8vbam\wp8vbamcomponent\virtualcontroller.cpp(138): warning C4244: '=' : conversion from 'float' to 'LONG', possible loss of data
c:\users\frede\source\repos\vba8\wp8vbam\wp8vbamcomponent\virtualcontroller.cpp(139): warning C4244: '=' : conversion from 'float' to 'LONG', possible loss of data
c:\users\frede\source\repos\vba8\wp8vbam\wp8vbamcomponent\virtualcontroller.cpp(142): warning C4244: '=' : conversion from 'float' to 'LONG', possible loss of data
c:\users\frede\source\repos\vba8\wp8vbam\wp8vbamcomponent\virtualcontroller.cpp(144): warning C4244: '=' : conversion from 'float' to 'LONG', possible loss of data
c:\users\frede\source\repos\vba8\wp8vbam\wp8vbamcomponent\virtualcontroller.cpp(147): warning C4244: '=' : conversion from 'float' to 'LONG', possible loss of data
c:\users\frede\source\repos\vba8\wp8vbam\wp8vbamcomponent\virtualcontroller.cpp(149): warning C4244: '=' : conversion from 'float' to 'LONG', possible loss of data
c:\users\frede\source\repos\vba8\wp8vbam\wp8vbamcomponent\virtualcontroller.cpp(153): warning C4244: '=' : conversion from 'float' to 'LONG', possible loss of data
c:\users\frede\source\repos\vba8\wp8vbam\wp8vbamcomponent\virtualcontroller.cpp(155): warning C4244: '=' : conversion from 'float' to 'LONG', possible loss of data
c:\users\frede\source\repos\vba8\wp8vbam\wp8vbamcomponent\virtualcontroller.cpp(158): warning C4244: '=' : conversion from 'float' to 'LONG', possible loss of data
c:\users\frede\source\repos\vba8\wp8vbam\wp8vbamcomponent\virtualcontroller.cpp(160): warning C4244: '=' : conversion from 'float' to 'LONG', possible loss of data
c:\users\frede\source\repos\vba8\wp8vbam\wp8vbamcomponent\virtualcontroller.cpp(165): warning C4244: '=' : conversion from 'float' to 'LONG', possible loss of data
c:\users\frede\source\repos\vba8\wp8vbam\wp8vbamcomponent\virtualcontroller.cpp(167): warning C4244: '=' : conversion from 'float' to 'LONG', possible loss of data
c:\users\frede\source\repos\vba8\wp8vbam\wp8vbamcomponent\virtualcontroller.cpp(171): warning C4244: '=' : conversion from 'float' to 'LONG', possible loss of data
c:\users\frede\source\repos\vba8\wp8vbam\wp8vbamcomponent\virtualcontroller.cpp(173): warning C4244: '=' : conversion from 'float' to 'LONG', possible loss of data
c:\users\frede\source\repos\vba8\wp8vbam\wp8vbamcomponent\virtualcontroller.cpp(414): warning C4244: '=' : conversion from 'double' to '__int64', possible loss of data
c:\users\frede\source\repos\vba8\wp8vbam\wp8vbamcomponent\virtualcontroller.cpp(430): warning C4973: 'Windows::Graphics::Display::DisplayProperties' : marked as deprecated
          Message: 'DisplayProperties may be altered or unavailable for releases after Windows Phone 8.1. Instead, use DisplayInformation.'
c:\users\frede\source\repos\vba8\wp8vbam\wp8vbamcomponent\virtualcontroller.cpp(430): warning C4973: 'Windows::Graphics::Display::DisplayPropertiesEventHandler' : marked as deprecated
          Message: 'DisplayProperties may be altered or unavailable for releases after Windows Phone 8.1. Instead, use DisplayInformation.'
          This diagnostic occurred while importing type 'Windows::Graphics::Display::DisplayPropertiesEventHandler ' from assembly 'Windows, Version=255.255.255.255, Culture=neutral, PublicKeyToken=null'.
          This diagnostic occurred while importing type 'Windows::Graphics::Display::DisplayProperties ' from assembly 'Windows, Version=255.255.255.255, Culture=neutral, PublicKeyToken=null'.
c:\users\frede\source\repos\vba8\wp8vbam\wp8vbamcomponent\virtualcontroller.cpp(430): warning C4973: 'Windows::Graphics::Display::DisplayProperties::ResolutionScale::get' : marked as deprecated
          Message: 'ResolutionScale is not supported on Windows Phone, and can return incorrect results. Instead, use RawPixelsPerViewPixel'
c:\users\frede\source\repos\vba8\wp8vbam\wp8vbamcomponent\virtualcontroller.cpp(437): warning C4244: '=' : conversion from 'float' to 'LONG', possible loss of data
c:\users\frede\source\repos\vba8\wp8vbam\wp8vbamcomponent\virtualcontroller.cpp(438): warning C4244: '=' : conversion from 'float' to 'LONG', possible loss of data
c:\users\frede\source\repos\vba8\wp8vbam\wp8vbamcomponent\virtualcontroller.cpp(441): warning C4244: '=' : conversion from 'float' to 'LONG', possible loss of data
c:\users\frede\source\repos\vba8\wp8vbam\wp8vbamcomponent\virtualcontroller.cpp(442): warning C4244: '=' : conversion from 'float' to 'LONG', possible loss of data
c:\users\frede\source\repos\vba8\wp8vbam\wp8vbamcomponent\virtualcontroller.cpp(452): warning C4244: '=' : conversion from 'float' to 'LONG', possible loss of data
c:\users\frede\source\repos\vba8\wp8vbam\wp8vbamcomponent\virtualcontroller.cpp(453): warning C4244: '=' : conversion from 'float' to 'LONG', possible loss of data
c:\users\frede\source\repos\vba8\wp8vbam\wp8vbamcomponent\virtualcontroller.cpp(494): warning C4973: 'Windows::Graphics::Display::DisplayProperties' : marked as deprecated
          Message: 'DisplayProperties may be altered or unavailable for releases after Windows Phone 8.1. Instead, use DisplayInformation.'
c:\users\frede\source\repos\vba8\wp8vbam\wp8vbamcomponent\virtualcontroller.cpp(494): warning C4973: 'Windows::Graphics::Display::DisplayProperties::ResolutionScale::get' : marked as deprecated
          Message: 'ResolutionScale is not supported on Windows Phone, and can return incorrect results. Instead, use RawPixelsPerViewPixel'
c:\users\frede\source\repos\vba8\wp8vbam\wp8vbamcomponent\virtualcontroller.cpp(499): warning C4244: '=' : conversion from 'float' to 'LONG', possible loss of data
c:\users\frede\source\repos\vba8\wp8vbam\wp8vbamcomponent\virtualcontroller.cpp(500): warning C4244: '=' : conversion from 'float' to 'LONG', possible loss of data
c:\users\frede\source\repos\vba8\wp8vbam\wp8vbamcomponent\virtualcontroller.cpp(671): warning C4973: 'Windows::Graphics::Display::DisplayProperties' : marked as deprecated
          Message: 'DisplayProperties may be altered or unavailable for releases after Windows Phone 8.1. Instead, use DisplayInformation.'
c:\users\frede\source\repos\vba8\wp8vbam\wp8vbamcomponent\virtualcontroller.cpp(671): warning C4973: 'Windows::Graphics::Display::DisplayProperties::ResolutionScale::get' : marked as deprecated
          Message: 'ResolutionScale is not supported on Windows Phone, and can return incorrect results. Instead, use RawPixelsPerViewPixel'
  Direct3DContentProvider.cpp
c:\users\frede\source\repos\vba8\wp8vbam\wp8vbamcomponent\emulatorrenderer.cpp(119): warning C4973: 'Windows::Graphics::Display::DisplayPropertiesEventHandler' : marked as deprecated
          Message: 'DisplayProperties may be altered or unavailable for releases after Windows Phone 8.1. Instead, use DisplayInformation.'
          This diagnostic occurred while importing type 'Windows::Graphics::Display::DisplayPropertiesEventHandler ' from assembly 'Windows, Version=255.255.255.255, Culture=neutral, PublicKeyToken=null'.
          This diagnostic occurred while importing type 'Windows::Graphics::Display::DisplayProperties ' from assembly 'Windows, Version=255.255.255.255, Culture=neutral, PublicKeyToken=null'.
c:\users\frede\source\repos\vba8\wp8vbam\wp8vbamcomponent\emulatorrenderer.cpp(119): warning C4973: 'Windows::Graphics::Display::DisplayProperties::ResolutionScale::get' : marked as deprecated
          Message: 'ResolutionScale is not supported on Windows Phone, and can return incorrect results. Instead, use RawPixelsPerViewPixel'
c:\users\frede\source\repos\vba8\wp8vbam\wp8vbamcomponent\emulatorrenderer.cpp(120): warning C4244: '=' : conversion from 'float' to 'int', possible loss of data
c:\users\frede\source\repos\vba8\wp8vbam\wp8vbamcomponent\emulatorrenderer.cpp(121): warning C4244: '=' : conversion from 'float' to 'int', possible loss of data
c:\users\frede\source\repos\vba8\wp8vbam\wp8vbamcomponent\emulatorrenderer.cpp(125): warning C4244: 'argument' : conversion from 'int' to 'float', possible loss of data
c:\users\frede\source\repos\vba8\wp8vbam\wp8vbamcomponent\emulatorrenderer.cpp(128): warning C4244: 'argument' : conversion from 'int' to 'float', possible loss of data
c:\users\frede\source\repos\vba8\wp8vbam\wp8vbamcomponent\emulatorrenderer.cpp(361): warning C4244: '=' : conversion from 'float' to 'int', possible loss of data
c:\users\frede\source\repos\vba8\wp8vbam\wp8vbamcomponent\emulatorrenderer.cpp(375): warning C4244: '=' : conversion from 'float' to 'int', possible loss of data
c:\users\frede\source\repos\vba8\wp8vbam\wp8vbamcomponent\emulatorrenderer.cpp(432): warning C4973: 'Windows::Graphics::Display::DisplayProperties::ResolutionScale::get' : marked as deprecated
          Message: 'ResolutionScale is not supported on Windows Phone, and can return incorrect results. Instead, use RawPixelsPerViewPixel'
c:\users\frede\source\repos\vba8\wp8vbam\wp8vbamcomponent\emulatorrenderer.cpp(433): warning C4244: '=' : conversion from 'float' to 'LONG', possible loss of data
c:\users\frede\source\repos\vba8\wp8vbam\wp8vbamcomponent\emulatorrenderer.cpp(482): warning C4244: 'initializing' : conversion from 'double' to 'int', possible loss of data
c:\users\frede\source\repos\vba8\wp8vbam\wp8vbamcomponent\emulatorrenderer.cpp(483): warning C4244: 'initializing' : conversion from 'float' to 'int', possible loss of data
  memgzio.c
c:\users\frede\source\repos\vba8\wp8vbam\wp8vbamcomponent\vbam\common\memgzio.c(676): warning C4101: 'err' : unreferenced local variable
     Creating library C:\Users\frede\Source\Repos\vba8\Debug\WP8VBAMComponent\WP8VBAMComponent.lib and object C:\Users\frede\Source\Repos\vba8\Debug\WP8VBAMComponent\WP8VBAMComponent.exp
  WP8VBAMComponent.vcxproj -> C:\Users\frede\Source\Repos\vba8\Debug\WP8VBAMComponent\WP8VBAMComponent.dll
