c:\users\frede\source\repos\vba8\wp8vbam\wp8vbamcomponent\debug\wp8vbamcomponent.pch
c:\users\frede\source\repos\vba8\wp8vbam\wp8vbamcomponent\debug\vc120.pdb
c:\users\frede\source\repos\vba8\wp8vbam\wp8vbamcomponent\debug\vc120.idb
c:\users\frede\source\repos\vba8\wp8vbam\wp8vbamcomponent\debug\pch.obj
c:\users\frede\source\repos\vba8\wp8vbam\wp8vbamcomponent\debug\effects_buffer.obj
c:\users\frede\source\repos\vba8\wp8vbam\wp8vbamcomponent\debug\gb_apu_state.obj
c:\users\frede\source\repos\vba8\wp8vbam\wp8vbamcomponent\debug\patch.obj
c:\users\frede\source\repos\vba8\wp8vbam\wp8vbamcomponent\debug\armdis.obj
c:\users\frede\source\repos\vba8\wp8vbam\wp8vbamcomponent\debug\cheats.obj
c:\users\frede\source\repos\vba8\wp8vbam\wp8vbamcomponent\debug\mode5.obj
c:\users\frede\source\repos\vba8\wp8vbam\wp8vbamcomponent\debug\gb.obj
c:\users\frede\source\repos\vba8\wp8vbam\wp8vbamcomponent\debug\gbglobals.obj
c:\users\frede\source\repos\vba8\wp8vbam\wp8vbamcomponent\debug\gbsound.obj
c:\users\frede\source\repos\vba8\wp8vbam\wp8vbamcomponent\debug\blip_buffer.obj
c:\users\frede\source\repos\vba8\wp8vbam\wp8vbamcomponent\debug\gb_oscs.obj
c:\users\frede\source\repos\vba8\wp8vbam\wp8vbamcomponent\debug\xaudio2.obj
c:\users\frede\source\repos\vba8\wp8vbam\wp8vbamcomponent\debug\eeprom.obj
c:\users\frede\source\repos\vba8\wp8vbam\wp8vbamcomponent\debug\flash.obj
c:\users\frede\source\repos\vba8\wp8vbam\wp8vbamcomponent\debug\gba-thumb.obj
c:\users\frede\source\repos\vba8\wp8vbam\wp8vbamcomponent\debug\gbafilter.obj
c:\users\frede\source\repos\vba8\wp8vbam\wp8vbamcomponent\debug\gbagfx.obj
c:\users\frede\source\repos\vba8\wp8vbam\wp8vbamcomponent\debug\gbasockclient.obj
c:\users\frede\source\repos\vba8\wp8vbam\wp8vbamcomponent\debug\mode4.obj
c:\users\frede\source\repos\vba8\wp8vbam\wp8vbamcomponent\debug\sram.obj
c:\users\frede\source\repos\vba8\wp8vbam\wp8vbamcomponent\debug\gbdis.obj
c:\users\frede\source\repos\vba8\wp8vbam\wp8vbamcomponent\debug\gbprinter.obj
c:\users\frede\source\repos\vba8\wp8vbam\wp8vbamcomponent\debug\cheatdata.obj
c:\users\frede\source\repos\vba8\wp8vbam\wp8vbamcomponent\debug\gb_apu.obj
c:\users\frede\source\repos\vba8\wp8vbam\wp8vbamcomponent\debug\multi_buffer.obj
c:\users\frede\source\repos\vba8\wp8vbam\wp8vbamcomponent\debug\agbprint.obj
c:\users\frede\source\repos\vba8\wp8vbam\wp8vbamcomponent\debug\bios.obj
c:\users\frede\source\repos\vba8\wp8vbam\wp8vbamcomponent\debug\cheatsearch.obj
c:\users\frede\source\repos\vba8\wp8vbam\wp8vbamcomponent\debug\elf.obj
c:\users\frede\source\repos\vba8\wp8vbam\wp8vbamcomponent\debug\gba-arm.obj
c:\users\frede\source\repos\vba8\wp8vbam\wp8vbamcomponent\debug\gba.obj
c:\users\frede\source\repos\vba8\wp8vbam\wp8vbamcomponent\debug\gbalink.obj
c:\users\frede\source\repos\vba8\wp8vbam\wp8vbamcomponent\debug\mode2.obj
c:\users\frede\source\repos\vba8\wp8vbam\wp8vbamcomponent\debug\rtc.obj
c:\users\frede\source\repos\vba8\wp8vbam\wp8vbamcomponent\debug\gbcheats.obj
c:\users\frede\source\repos\vba8\wp8vbam\wp8vbamcomponent\debug\gbmemory.obj
c:\users\frede\source\repos\vba8\wp8vbam\wp8vbamcomponent\debug\util.obj
c:\users\frede\source\repos\vba8\wp8vbam\wp8vbamcomponent\debug\vbafunctions.obj
c:\users\frede\source\repos\vba8\wp8vbam\wp8vbamcomponent\debug\globals.obj
c:\users\frede\source\repos\vba8\wp8vbam\wp8vbamcomponent\debug\mode0.obj
c:\users\frede\source\repos\vba8\wp8vbam\wp8vbamcomponent\debug\mode1.obj
c:\users\frede\source\repos\vba8\wp8vbam\wp8vbamcomponent\debug\mode3.obj
c:\users\frede\source\repos\vba8\wp8vbam\wp8vbamcomponent\debug\sound.obj
c:\users\frede\source\repos\vba8\wp8vbam\wp8vbamcomponent\debug\gbgfx.obj
c:\users\frede\source\repos\vba8\wp8vbam\wp8vbamcomponent\debug\gbsgb.obj
c:\users\frede\source\repos\vba8\wp8vbam\wp8vbamcomponent\debug\emulator.obj
c:\users\frede\source\repos\vba8\wp8vbam\wp8vbamcomponent\debug\romconfig.obj
c:\users\frede\source\repos\vba8\wp8vbam\wp8vbamcomponent\debug\cpositioncomponent.obj
c:\users\frede\source\repos\vba8\wp8vbam\wp8vbamcomponent\debug\ipaddress.obj
c:\users\frede\source\repos\vba8\wp8vbam\wp8vbamcomponent\debug\selectorbase.obj
c:\users\frede\source\repos\vba8\wp8vbam\wp8vbamcomponent\debug\socketudp.obj
c:\users\frede\source\repos\vba8\wp8vbam\wp8vbamcomponent\debug\wp8vbamcomponent.obj
c:\users\frede\source\repos\vba8\wp8vbam\wp8vbamcomponent\debug\emulatorfilehandler.obj
c:\users\frede\source\repos\vba8\wp8vbam\wp8vbamcomponent\debug\vector2.obj
c:\users\frede\source\repos\vba8\wp8vbam\wp8vbamcomponent\debug\virtualcontroller.obj
c:\users\frede\source\repos\vba8\wp8vbam\wp8vbamcomponent\debug\direct3dcontentprovider.obj
c:\users\frede\source\repos\vba8\wp8vbam\wp8vbamcomponent\debug\cpositionrenderer.obj
c:\users\frede\source\repos\vba8\wp8vbam\wp8vbamcomponent\debug\cpositioncontentprovider.obj
c:\users\frede\source\repos\vba8\wp8vbam\wp8vbamcomponent\debug\http.obj
c:\users\frede\source\repos\vba8\wp8vbam\wp8vbamcomponent\debug\sockettcp.obj
c:\users\frede\source\repos\vba8\wp8vbam\wp8vbamcomponent\debug\vector4.obj
c:\users\frede\source\repos\vba8\wp8vbam\wp8vbamcomponent\debug\direct3dbase.obj
c:\users\frede\source\repos\vba8\wp8vbam\wp8vbamcomponent\debug\dxspritebatch.obj
c:\users\frede\source\repos\vba8\wp8vbam\wp8vbamcomponent\debug\emulatorsettings.obj
c:\users\frede\source\repos\vba8\wp8vbam\wp8vbamcomponent\debug\point.obj
c:\users\frede\source\repos\vba8\wp8vbam\wp8vbamcomponent\debug\rectangle.obj
c:\users\frede\source\repos\vba8\wp8vbam\wp8vbamcomponent\debug\renderer.obj
c:\users\frede\source\repos\vba8\wp8vbam\wp8vbamcomponent\debug\cpositionvirtualcontroller.obj
c:\users\frede\source\repos\vba8\wp8vbam\wp8vbamcomponent\debug\textureloader.obj
c:\users\frede\source\repos\vba8\wp8vbam\wp8vbamcomponent\debug\ftp.obj
c:\users\frede\source\repos\vba8\wp8vbam\wp8vbamcomponent\debug\packet.obj
c:\users\frede\source\repos\vba8\wp8vbam\wp8vbamcomponent\debug\sockethelper.obj
c:\users\frede\source\repos\vba8\wp8vbam\wp8vbamcomponent\debug\vector3.obj
c:\users\frede\source\repos\vba8\wp8vbam\wp8vbamcomponent\debug\emulatorrenderer.obj
c:\users\frede\source\repos\vba8\wp8vbam\wp8vbamcomponent\debug\memgzio.obj
c:\users\frede\source\repos\vba8\debug\wp8vbamcomponent\simplepixelshader.cso
c:\users\frede\source\repos\vba8\debug\wp8vbamcomponent\simplevertexshader.cso
c:\users\frede\source\repos\vba8\wp8vbam\wp8vbamcomponent\spritebatch_ps.h
c:\users\frede\source\repos\vba8\wp8vbam\wp8vbamcomponent\spritebatch_vs.h
c:\users\frede\source\repos\vba8\debug\wp8vbamcomponent\spritebatch_vs.cso
c:\users\frede\source\repos\vba8\debug\wp8vbamcomponent\wp8vbamcomponent.ilk
c:\users\frede\source\repos\vba8\debug\wp8vbamcomponent\wp8vbamcomponent.dll
c:\users\frede\source\repos\vba8\debug\wp8vbamcomponent\phonedirect3dxamlappcomponent.winmd
c:\users\frede\source\repos\vba8\debug\wp8vbamcomponent\wp8vbamcomponent.pdb
c:\users\frede\source\repos\vba8\debug\wp8vbamcomponent\moga.windows.phone.winmd
c:\users\frede\source\repos\vba8\debug\wp8vbamcomponent\moga.windows.phone.dll
c:\users\frede\source\repos\vba8\debug\wp8vbamcomponent\wp8vbamcomponent.lib
c:\users\frede\source\repos\vba8\debug\wp8vbamcomponent\wp8vbamcomponent.exp
c:\users\frede\source\repos\vba8\wp8vbam\wp8vbamcomponent\debug\priconfig.xml
c:\users\frede\source\repos\vba8\wp8vbam\wp8vbamcomponent\debug\priconfig.xml.intermediate
c:\users\frede\source\repos\vba8\wp8vbam\wp8vbamcomponent\debug\layout.resfiles
c:\users\frede\source\repos\vba8\wp8vbam\wp8vbamcomponent\debug\layout.resfiles.intermediate
c:\users\frede\source\repos\vba8\wp8vbam\wp8vbamcomponent\debug\resources.resfiles
c:\users\frede\source\repos\vba8\wp8vbam\wp8vbamcomponent\debug\resources.resfiles.intermediate
c:\users\frede\source\repos\vba8\wp8vbam\wp8vbamcomponent\debug\pri.resfiles
c:\users\frede\source\repos\vba8\wp8vbam\wp8vbamcomponent\debug\pri.resfiles.intermediate
c:\users\frede\source\repos\vba8\debug\wp8vbamcomponent\phonedirect3dxamlappcomponent.pri
c:\users\frede\source\repos\vba8\wp8vbam\wp8vbamcomponent\debug\qualifiers.txt
c:\users\frede\source\repos\vba8\wp8vbam\wp8vbamcomponent\debug\qualifiers.txt.intermediate
c:\users\frede\source\repos\vba8\wp8vbam\wp8vbamcomponent\debug\multiplequalifiersperdimensionfound.txt
c:\users\frede\source\repos\vba8\wp8vbam\wp8vbamcomponent\debug\wp8vbamcomponent.vcxprojresolveassemblyreference.cache
c:\users\frede\source\repos\vba8\wp8vbam\wp8vbamcomponent\debug\wp8vbamcomponent.tlog\cl.command.1.tlog
c:\users\frede\source\repos\vba8\wp8vbam\wp8vbamcomponent\debug\wp8vbamcomponent.tlog\cl.read.1.tlog
c:\users\frede\source\repos\vba8\wp8vbam\wp8vbamcomponent\debug\wp8vbamcomponent.tlog\cl.write.1.tlog
c:\users\frede\source\repos\vba8\wp8vbam\wp8vbamcomponent\debug\wp8vbamcomponent.tlog\fxc.command.1.tlog
c:\users\frede\source\repos\vba8\wp8vbam\wp8vbamcomponent\debug\wp8vbamcomponent.tlog\fxc.read.1.tlog
c:\users\frede\source\repos\vba8\wp8vbam\wp8vbamcomponent\debug\wp8vbamcomponent.tlog\fxc.write.1.tlog
c:\users\frede\source\repos\vba8\wp8vbam\wp8vbamcomponent\debug\wp8vbamcomponent.tlog\link.command.1.tlog
c:\users\frede\source\repos\vba8\wp8vbam\wp8vbamcomponent\debug\wp8vbamcomponent.tlog\link.read.1.tlog
c:\users\frede\source\repos\vba8\wp8vbam\wp8vbamcomponent\debug\wp8vbamcomponent.tlog\link.write.1.tlog
c:\users\frede\source\repos\vba8\wp8vbam\wp8vbamcomponent\debug\wp8vbamcomponent.tlog\wp8vbamcomponent.read.1u.tlog
c:\users\frede\source\repos\vba8\wp8vbam\wp8vbamcomponent\debug\wp8vbamcomponent.tlog\wp8vbamcomponent.write.1u.tlog
