c:\users\frede\source\repos\vba8\wp8vbam\wp8vbamcomponent\arm\debugdevice\wp8vbamcomponent.pch
c:\users\frede\source\repos\vba8\wp8vbam\wp8vbamcomponent\arm\debugdevice\vc120.pdb
c:\users\frede\source\repos\vba8\wp8vbam\wp8vbamcomponent\arm\debugdevice\pch.obj
c:\users\frede\source\repos\vba8\wp8vbam\wp8vbamcomponent\arm\debugdevice\vbafunctions.obj
c:\users\frede\source\repos\vba8\wp8vbam\wp8vbamcomponent\arm\debugdevice\gbasockclient.obj
c:\users\frede\source\repos\vba8\wp8vbam\wp8vbamcomponent\arm\debugdevice\mode3.obj
c:\users\frede\source\repos\vba8\wp8vbam\wp8vbamcomponent\arm\debugdevice\sound.obj
c:\users\frede\source\repos\vba8\wp8vbam\wp8vbamcomponent\arm\debugdevice\gbgfx.obj
c:\users\frede\source\repos\vba8\wp8vbam\wp8vbamcomponent\arm\debugdevice\gbmemory.obj
c:\users\frede\source\repos\vba8\wp8vbam\wp8vbamcomponent\arm\debugdevice\util.obj
c:\users\frede\source\repos\vba8\wp8vbam\wp8vbamcomponent\arm\debugdevice\blip_buffer.obj
c:\users\frede\source\repos\vba8\wp8vbam\wp8vbamcomponent\arm\debugdevice\gb_apu_state.obj
c:\users\frede\source\repos\vba8\wp8vbam\wp8vbamcomponent\arm\debugdevice\multi_buffer.obj
c:\users\frede\source\repos\vba8\wp8vbam\wp8vbamcomponent\arm\debugdevice\agbprint.obj
c:\users\frede\source\repos\vba8\wp8vbam\wp8vbamcomponent\arm\debugdevice\bios.obj
c:\users\frede\source\repos\vba8\wp8vbam\wp8vbamcomponent\arm\debugdevice\cheatsearch.obj
c:\users\frede\source\repos\vba8\wp8vbam\wp8vbamcomponent\arm\debugdevice\elf.obj
c:\users\frede\source\repos\vba8\wp8vbam\wp8vbamcomponent\arm\debugdevice\gba-arm.obj
c:\users\frede\source\repos\vba8\wp8vbam\wp8vbamcomponent\arm\debugdevice\gbafilter.obj
c:\users\frede\source\repos\vba8\wp8vbam\wp8vbamcomponent\arm\debugdevice\gbalink.obj
c:\users\frede\source\repos\vba8\wp8vbam\wp8vbamcomponent\arm\debugdevice\mode2.obj
c:\users\frede\source\repos\vba8\wp8vbam\wp8vbamcomponent\arm\debugdevice\mode5.obj
c:\users\frede\source\repos\vba8\wp8vbam\wp8vbamcomponent\arm\debugdevice\gb.obj
c:\users\frede\source\repos\vba8\wp8vbam\wp8vbamcomponent\arm\debugdevice\gbsgb.obj
c:\users\frede\source\repos\vba8\wp8vbam\wp8vbamcomponent\arm\debugdevice\cheatdata.obj
c:\users\frede\source\repos\vba8\wp8vbam\wp8vbamcomponent\arm\debugdevice\gb_apu.obj
c:\users\frede\source\repos\vba8\wp8vbam\wp8vbamcomponent\arm\debugdevice\xaudio2.obj
c:\users\frede\source\repos\vba8\wp8vbam\wp8vbamcomponent\arm\debugdevice\eeprom.obj
c:\users\frede\source\repos\vba8\wp8vbam\wp8vbamcomponent\arm\debugdevice\flash.obj
c:\users\frede\source\repos\vba8\wp8vbam\wp8vbamcomponent\arm\debugdevice\gba-thumb.obj
c:\users\frede\source\repos\vba8\wp8vbam\wp8vbamcomponent\arm\debugdevice\gba.obj
c:\users\frede\source\repos\vba8\wp8vbam\wp8vbamcomponent\arm\debugdevice\gbagfx.obj
c:\users\frede\source\repos\vba8\wp8vbam\wp8vbamcomponent\arm\debugdevice\globals.obj
c:\users\frede\source\repos\vba8\wp8vbam\wp8vbamcomponent\arm\debugdevice\mode0.obj
c:\users\frede\source\repos\vba8\wp8vbam\wp8vbamcomponent\arm\debugdevice\mode1.obj
c:\users\frede\source\repos\vba8\wp8vbam\wp8vbamcomponent\arm\debugdevice\mode4.obj
c:\users\frede\source\repos\vba8\wp8vbam\wp8vbamcomponent\arm\debugdevice\sram.obj
c:\users\frede\source\repos\vba8\wp8vbam\wp8vbamcomponent\arm\debugdevice\gbdis.obj
c:\users\frede\source\repos\vba8\wp8vbam\wp8vbamcomponent\arm\debugdevice\gbprinter.obj
c:\users\frede\source\repos\vba8\wp8vbam\wp8vbamcomponent\arm\debugdevice\effects_buffer.obj
c:\users\frede\source\repos\vba8\wp8vbam\wp8vbamcomponent\arm\debugdevice\gb_oscs.obj
c:\users\frede\source\repos\vba8\wp8vbam\wp8vbamcomponent\arm\debugdevice\patch.obj
c:\users\frede\source\repos\vba8\wp8vbam\wp8vbamcomponent\arm\debugdevice\armdis.obj
c:\users\frede\source\repos\vba8\wp8vbam\wp8vbamcomponent\arm\debugdevice\cheats.obj
c:\users\frede\source\repos\vba8\wp8vbam\wp8vbamcomponent\arm\debugdevice\rtc.obj
c:\users\frede\source\repos\vba8\wp8vbam\wp8vbamcomponent\arm\debugdevice\gbcheats.obj
c:\users\frede\source\repos\vba8\wp8vbam\wp8vbamcomponent\arm\debugdevice\gbglobals.obj
c:\users\frede\source\repos\vba8\wp8vbam\wp8vbamcomponent\arm\debugdevice\gbsound.obj
c:\users\frede\source\repos\vba8\wp8vbam\wp8vbamcomponent\arm\debugdevice\emulator.obj
c:\users\frede\source\repos\vba8\wp8vbam\wp8vbamcomponent\arm\debugdevice\romconfig.obj
c:\users\frede\source\repos\vba8\wp8vbam\wp8vbamcomponent\arm\debugdevice\cpositioncomponent.obj
c:\users\frede\source\repos\vba8\wp8vbam\wp8vbamcomponent\arm\debugdevice\http.obj
c:\users\frede\source\repos\vba8\wp8vbam\wp8vbamcomponent\arm\debugdevice\sockettcp.obj
c:\users\frede\source\repos\vba8\wp8vbam\wp8vbamcomponent\arm\debugdevice\vector2.obj
c:\users\frede\source\repos\vba8\wp8vbam\wp8vbamcomponent\arm\debugdevice\vector4.obj
c:\users\frede\source\repos\vba8\wp8vbam\wp8vbamcomponent\arm\debugdevice\emulatorrenderer.obj
c:\users\frede\source\repos\vba8\wp8vbam\wp8vbamcomponent\arm\debugdevice\emulatorfilehandler.obj
c:\users\frede\source\repos\vba8\wp8vbam\wp8vbamcomponent\arm\debugdevice\direct3dbase.obj
c:\users\frede\source\repos\vba8\wp8vbam\wp8vbamcomponent\arm\debugdevice\dxspritebatch.obj
c:\users\frede\source\repos\vba8\wp8vbam\wp8vbamcomponent\arm\debugdevice\emulatorsettings.obj
c:\users\frede\source\repos\vba8\wp8vbam\wp8vbamcomponent\arm\debugdevice\point.obj
c:\users\frede\source\repos\vba8\wp8vbam\wp8vbamcomponent\arm\debugdevice\rectangle.obj
c:\users\frede\source\repos\vba8\wp8vbam\wp8vbamcomponent\arm\debugdevice\renderer.obj
c:\users\frede\source\repos\vba8\wp8vbam\wp8vbamcomponent\arm\debugdevice\cpositionvirtualcontroller.obj
c:\users\frede\source\repos\vba8\wp8vbam\wp8vbamcomponent\arm\debugdevice\textureloader.obj
c:\users\frede\source\repos\vba8\wp8vbam\wp8vbamcomponent\arm\debugdevice\ipaddress.obj
c:\users\frede\source\repos\vba8\wp8vbam\wp8vbamcomponent\arm\debugdevice\packet.obj
c:\users\frede\source\repos\vba8\wp8vbam\wp8vbamcomponent\arm\debugdevice\sockethelper.obj
c:\users\frede\source\repos\vba8\wp8vbam\wp8vbamcomponent\arm\debugdevice\vector3.obj
c:\users\frede\source\repos\vba8\wp8vbam\wp8vbamcomponent\arm\debugdevice\wp8vbamcomponent.obj
c:\users\frede\source\repos\vba8\wp8vbam\wp8vbamcomponent\arm\debugdevice\cpositionrenderer.obj
c:\users\frede\source\repos\vba8\wp8vbam\wp8vbamcomponent\arm\debugdevice\cpositioncontentprovider.obj
c:\users\frede\source\repos\vba8\wp8vbam\wp8vbamcomponent\arm\debugdevice\ftp.obj
c:\users\frede\source\repos\vba8\wp8vbam\wp8vbamcomponent\arm\debugdevice\selectorbase.obj
c:\users\frede\source\repos\vba8\wp8vbam\wp8vbamcomponent\arm\debugdevice\socketudp.obj
c:\users\frede\source\repos\vba8\wp8vbam\wp8vbamcomponent\arm\debugdevice\virtualcontroller.obj
c:\users\frede\source\repos\vba8\wp8vbam\wp8vbamcomponent\arm\debugdevice\direct3dcontentprovider.obj
c:\users\frede\source\repos\vba8\wp8vbam\wp8vbamcomponent\arm\debugdevice\memgzio.obj
c:\users\frede\source\repos\vba8\wp8vbam\wp8vbamcomponent\arm\debugdevice\wiimote.obj
c:\users\frede\source\repos\vba8\arm\debugdevice\wp8vbamcomponent\simplepixelshader.cso
c:\users\frede\source\repos\vba8\arm\debugdevice\wp8vbamcomponent\simplevertexshader.cso
c:\users\frede\source\repos\vba8\wp8vbam\wp8vbamcomponent\spritebatch_ps.h
c:\users\frede\source\repos\vba8\wp8vbam\wp8vbamcomponent\spritebatch_vs.h
c:\users\frede\source\repos\vba8\arm\debugdevice\wp8vbamcomponent\spritebatch_vs.cso
c:\users\frede\source\repos\vba8\arm\debugdevice\wp8vbamcomponent\wp8vbamcomponent.ilk
c:\users\frede\source\repos\vba8\arm\debugdevice\wp8vbamcomponent\wp8vbamcomponent.dll
c:\users\frede\source\repos\vba8\arm\debugdevice\wp8vbamcomponent\wp8vbamcomponent.pdb
c:\users\frede\source\repos\vba8\arm\debugdevice\wp8vbamcomponent\moga.windows.phone.winmd
c:\users\frede\source\repos\vba8\arm\debugdevice\wp8vbamcomponent\moga.windows.phone.dll
c:\users\frede\source\repos\vba8\arm\debugdevice\wp8vbamcomponent\phonedirect3dxamlappcomponent.winmd
c:\users\frede\source\repos\vba8\arm\debugdevice\wp8vbamcomponent\wp8vbamcomponent.lib
c:\users\frede\source\repos\vba8\arm\debugdevice\wp8vbamcomponent\wp8vbamcomponent.exp
c:\users\frede\source\repos\vba8\wp8vbam\wp8vbamcomponent\arm\debugdevice\wp8vbamcomponent.vcxprojresolveassemblyreference.cache
c:\users\frede\source\repos\vba8\wp8vbam\wp8vbamcomponent\arm\debugdevice\priconfig.xml
c:\users\frede\source\repos\vba8\wp8vbam\wp8vbamcomponent\arm\debugdevice\priconfig.xml.intermediate
c:\users\frede\source\repos\vba8\wp8vbam\wp8vbamcomponent\arm\debugdevice\layout.resfiles
c:\users\frede\source\repos\vba8\wp8vbam\wp8vbamcomponent\arm\debugdevice\layout.resfiles.intermediate
c:\users\frede\source\repos\vba8\wp8vbam\wp8vbamcomponent\arm\debugdevice\resources.resfiles
c:\users\frede\source\repos\vba8\wp8vbam\wp8vbamcomponent\arm\debugdevice\resources.resfiles.intermediate
c:\users\frede\source\repos\vba8\wp8vbam\wp8vbamcomponent\arm\debugdevice\pri.resfiles
c:\users\frede\source\repos\vba8\wp8vbam\wp8vbamcomponent\arm\debugdevice\pri.resfiles.intermediate
c:\users\frede\source\repos\vba8\arm\debugdevice\wp8vbamcomponent\phonedirect3dxamlappcomponent.pri
c:\users\frede\source\repos\vba8\wp8vbam\wp8vbamcomponent\arm\debugdevice\qualifiers.txt
c:\users\frede\source\repos\vba8\wp8vbam\wp8vbamcomponent\arm\debugdevice\qualifiers.txt.intermediate
c:\users\frede\source\repos\vba8\wp8vbam\wp8vbamcomponent\arm\debugdevice\multiplequalifiersperdimensionfound.txt
c:\users\frede\source\repos\vba8\wp8vbam\wp8vbamcomponent\arm\debugdevice\wp8vbamcomponent.tlog\cl.command.1.tlog
c:\users\frede\source\repos\vba8\wp8vbam\wp8vbamcomponent\arm\debugdevice\wp8vbamcomponent.tlog\cl.read.1.tlog
c:\users\frede\source\repos\vba8\wp8vbam\wp8vbamcomponent\arm\debugdevice\wp8vbamcomponent.tlog\cl.write.1.tlog
c:\users\frede\source\repos\vba8\wp8vbam\wp8vbamcomponent\arm\debugdevice\wp8vbamcomponent.tlog\fxc.command.1.tlog
c:\users\frede\source\repos\vba8\wp8vbam\wp8vbamcomponent\arm\debugdevice\wp8vbamcomponent.tlog\fxc.read.1.tlog
c:\users\frede\source\repos\vba8\wp8vbam\wp8vbamcomponent\arm\debugdevice\wp8vbamcomponent.tlog\fxc.write.1.tlog
c:\users\frede\source\repos\vba8\wp8vbam\wp8vbamcomponent\arm\debugdevice\wp8vbamcomponent.tlog\link.command.1.tlog
c:\users\frede\source\repos\vba8\wp8vbam\wp8vbamcomponent\arm\debugdevice\wp8vbamcomponent.tlog\link.read.1.tlog
c:\users\frede\source\repos\vba8\wp8vbam\wp8vbamcomponent\arm\debugdevice\wp8vbamcomponent.tlog\link.write.1.tlog
c:\users\frede\source\repos\vba8\wp8vbam\wp8vbamcomponent\arm\debugdevice\wp8vbamcomponent.tlog\wp8vbamcomponent.read.1u.tlog
c:\users\frede\source\repos\vba8\wp8vbam\wp8vbamcomponent\arm\debugdevice\wp8vbamcomponent.tlog\wp8vbamcomponent.write.1u.tlog
